<?xml version="1.0" encoding="UTF-8"?>
<testsuite name="com.kgr.profitcalculation.domain.ProfitCalculatorParameterTest" tests="3" skipped="0" failures="0" errors="0" timestamp="2019-11-28T19:09:50" hostname="kgr-LIFEBOOK-E754" time="0.002">
  <properties/>
  <testcase name="get_monthly_work_should_return_work()" classname="com.kgr.profitcalculation.domain.ProfitCalculatorParameterTest" time="0.0"/>
  <testcase name="get_monthly_work_should_return_zerowork_if_monthlyworks_not_set()" classname="com.kgr.profitcalculation.domain.ProfitCalculatorParameterTest" time="0.0"/>
  <testcase name="get_monthly_work_should_return_zerowork_if_month_not_set()" classname="com.kgr.profitcalculation.domain.ProfitCalculatorParameterTest" time="0.0"/>
  <system-out><![CDATA[]]></system-out>
  <system-err><![CDATA[]]></system-err>
</testsuite>
