<?xml version="1.0" encoding="UTF-8"?>
<testsuite name="com.kgr.profitcalculation.domain.tax.TaxPrePaymentTest" tests="6" skipped="0" failures="0" errors="0" timestamp="2019-11-28T19:09:50" hostname="kgr-LIFEBOOK-E754" time="0.005">
  <properties/>
  <testcase name="prePayment_yearly()" classname="com.kgr.profitcalculation.domain.tax.TaxPrePaymentTest" time="0.0"/>
  <testcase name="validate_prePayment_with_null_intervall()" classname="com.kgr.profitcalculation.domain.tax.TaxPrePaymentTest" time="0.001"/>
  <testcase name="prePayment_zero()" classname="com.kgr.profitcalculation.domain.tax.TaxPrePaymentTest" time="0.001"/>
  <testcase name="prePayment_quarterly()" classname="com.kgr.profitcalculation.domain.tax.TaxPrePaymentTest" time="0.001"/>
  <testcase name="prePayment_halfyearly()" classname="com.kgr.profitcalculation.domain.tax.TaxPrePaymentTest" time="0.0"/>
  <testcase name="prePayment_monthly()" classname="com.kgr.profitcalculation.domain.tax.TaxPrePaymentTest" time="0.0"/>
  <system-out><![CDATA[]]></system-out>
  <system-err><![CDATA[]]></system-err>
</testsuite>
